2023-10-16 09:05:47,396 [Worker-2: Loading available Gradle versions] INFO  o.e.b.c.i.u.g.PublishedGradleVersions - Gradle version information cache is up-to-date. Trying to read.
2023-10-20 09:39:27,318 [Worker-7: Loading available Gradle versions] INFO  o.e.b.c.i.u.g.PublishedGradleVersions - Gradle version information cache is out-of-date. Trying to update.
2023-10-23 09:34:12,613 [Worker-7: Loading available Gradle versions] INFO  o.e.b.c.i.u.g.PublishedGradleVersions - Gradle version information cache is out-of-date. Trying to update.
2023-10-25 09:39:01,693 [Worker-5: Loading available Gradle versions] INFO  o.e.b.c.i.u.g.PublishedGradleVersions - Gradle version information cache is out-of-date. Trying to update.
2023-10-26 15:02:45,386 [Worker-63: Launching mavenrun-abceb30e-aab6-4626-b735-69476b0ef48e] INFO  o.e.m.i.launch.MavenLaunchDelegate - D:\CG-16Oct23\JavaWorkspace
2023-10-26 15:02:45,398 [Worker-63: Launching mavenrun-abceb30e-aab6-4626-b735-69476b0ef48e] INFO  o.e.m.i.launch.MavenLaunchDelegate -  mvn -DarchetypeVersion=1.4 -Dpackage=mygroup.JDBCDemo -DarchetypeGroupId=org.apache.maven.archetypes -DarchetypeArtifactId=maven-archetype-quickstart -DgroupId=mygroup -DartifactId=JDBCDemo -DoutputDirectory=D:\CG-16Oct23\JavaWorkspace -Dversion=0.0.1-SNAPSHOT -Dstyle.color=always -U archetype:generate
2023-10-26 15:04:14,143 [Worker-62: Creating maven-archetype-quickstart] INFO  o.e.m.c.i.p.ProjectConfigurationManager - Collecting project info '/pom.xml' D:\CG-16Oct23\JavaWorkspace\JDBCDemo\pom.xml
2023-10-26 15:04:17,379 [Worker-62: Creating maven-archetype-quickstart] INFO  o.e.m.c.i.l.LifecycleMappingFactory - Using org.eclipse.m2e.jdt.JarLifecycleMapping lifecycle mapping for MavenProject: mygroup:JDBCDemo:0.0.1-SNAPSHOT @ D:\CG-16Oct23\JavaWorkspace\JDBCDemo\pom.xml.
2023-10-26 15:04:18,700 [Worker-62: Creating maven-archetype-quickstart] INFO  o.e.m.j.i.AbstractJavaProjectConfigurator - Adding source folder /JDBCDemo/src/main/java
2023-10-26 15:04:18,710 [Worker-62: Creating maven-archetype-quickstart] INFO  o.e.m.j.i.AbstractJavaProjectConfigurator - Adding source folder /JDBCDemo/src/test/java
2023-10-26 15:04:19,246 [Worker-62: Creating maven-archetype-quickstart] INFO  o.e.m.c.i.p.ProjectConfigurationManager - Imported and configured 1 project(s) in 5 sec
2023-10-26 15:04:19,762 [Worker-68: Building] INFO  o.e.m.c.i.embedder.EclipseLogger - Using 'UTF-8' encoding to copy filtered resources.
2023-10-26 15:04:19,762 [Worker-68: Building] INFO  o.e.m.c.i.embedder.EclipseLogger - skip non existing resourceDirectory D:\CG-16Oct23\JavaWorkspace\JDBCDemo\src\main\resources
2023-10-26 15:04:19,766 [Worker-68: Building] INFO  o.e.m.c.i.embedder.EclipseLogger - Using 'UTF-8' encoding to copy filtered resources.
2023-10-26 15:04:19,766 [Worker-68: Building] INFO  o.e.m.c.i.embedder.EclipseLogger - skip non existing resourceDirectory D:\CG-16Oct23\JavaWorkspace\JDBCDemo\src\test\resources
2023-10-26 15:07:59,950 [Worker-72: Building] INFO  o.e.m.c.i.l.LifecycleMappingFactory - Using org.eclipse.m2e.jdt.JarLifecycleMapping lifecycle mapping for MavenProject: mygroup:JDBCDemo:0.0.1-SNAPSHOT @ D:\CG-16Oct23\JavaWorkspace\JDBCDemo\pom.xml.
2023-10-26 15:08:00,656 [Worker-72: Building] INFO  o.e.m.c.i.e.AbstractTransferListenerAdapter - Downloading https://repo.maven.apache.org/maven2/org/postgresql/postgresql/42.6.0/postgresql-42.6.0.pom
2023-10-26 15:08:00,832 [Worker-72: Building] INFO  o.e.m.c.i.e.AbstractTransferListenerAdapter - Downloaded https://repo.maven.apache.org/maven2/org/postgresql/postgresql/42.6.0/postgresql-42.6.0.pom
2023-10-26 15:08:00,936 [Worker-72: Building] INFO  o.e.m.c.i.e.AbstractTransferListenerAdapter - Downloading https://repo.maven.apache.org/maven2/org/checkerframework/checker-qual/3.31.0/checker-qual-3.31.0.pom
2023-10-26 15:08:01,027 [Worker-72: Building] INFO  o.e.m.c.i.e.AbstractTransferListenerAdapter - Downloaded https://repo.maven.apache.org/maven2/org/checkerframework/checker-qual/3.31.0/checker-qual-3.31.0.pom
2023-10-26 15:08:01,118 [AetherRepositoryConnector-repo.maven.apache.org-0-0] INFO  o.e.m.c.i.e.AbstractTransferListenerAdapter - Downloading https://repo.maven.apache.org/maven2/org/postgresql/postgresql/42.6.0/postgresql-42.6.0.jar
2023-10-26 15:08:01,420 [AetherRepositoryConnector-repo.maven.apache.org-0-1] INFO  o.e.m.c.i.e.AbstractTransferListenerAdapter - Downloading https://repo.maven.apache.org/maven2/org/checkerframework/checker-qual/3.31.0/checker-qual-3.31.0.jar
2023-10-26 15:08:04,546 [AetherRepositoryConnector-repo.maven.apache.org-0-1] INFO  o.e.m.c.i.e.AbstractTransferListenerAdapter - Downloaded https://repo.maven.apache.org/maven2/org/checkerframework/checker-qual/3.31.0/checker-qual-3.31.0.jar
2023-10-26 15:08:06,437 [AetherRepositoryConnector-repo.maven.apache.org-0-0] INFO  o.e.m.c.i.e.AbstractTransferListenerAdapter - Downloaded https://repo.maven.apache.org/maven2/org/postgresql/postgresql/42.6.0/postgresql-42.6.0.jar
2023-10-26 15:08:06,546 [Worker-72: Building] INFO  o.e.m.c.i.embedder.EclipseLogger - Using 'UTF-8' encoding to copy filtered resources.
2023-10-26 15:08:06,546 [Worker-72: Building] INFO  o.e.m.c.i.embedder.EclipseLogger - skip non existing resourceDirectory D:\CG-16Oct23\JavaWorkspace\JDBCDemo\src\main\resources
2023-10-26 15:08:06,548 [Worker-72: Building] INFO  o.e.m.c.i.embedder.EclipseLogger - Using 'UTF-8' encoding to copy filtered resources.
2023-10-26 15:08:06,549 [Worker-72: Building] INFO  o.e.m.c.i.embedder.EclipseLogger - skip non existing resourceDirectory D:\CG-16Oct23\JavaWorkspace\JDBCDemo\src\test\resources
2023-10-26 15:08:07,806 [Worker-69: Building] INFO  o.e.m.c.i.embedder.EclipseLogger - Using 'UTF-8' encoding to copy filtered resources.
2023-10-26 15:08:07,806 [Worker-69: Building] INFO  o.e.m.c.i.embedder.EclipseLogger - skip non existing resourceDirectory D:\CG-16Oct23\JavaWorkspace\JDBCDemo\src\main\resources
2023-10-26 15:08:07,808 [Worker-69: Building] INFO  o.e.m.c.i.embedder.EclipseLogger - Using 'UTF-8' encoding to copy filtered resources.
2023-10-26 15:08:07,808 [Worker-69: Building] INFO  o.e.m.c.i.embedder.EclipseLogger - skip non existing resourceDirectory D:\CG-16Oct23\JavaWorkspace\JDBCDemo\src\test\resources
2023-10-26 15:08:07,888 [Worker-73: Download sources and javadoc] INFO  o.e.m.c.i.e.AbstractTransferListenerAdapter - Downloading https://repo.maven.apache.org/maven2/org/postgresql/postgresql/42.6.0/postgresql-42.6.0-sources.jar
2023-10-26 15:08:10,441 [Worker-73: Download sources and javadoc] INFO  o.e.m.c.i.e.AbstractTransferListenerAdapter - Downloaded https://repo.maven.apache.org/maven2/org/postgresql/postgresql/42.6.0/postgresql-42.6.0-sources.jar
2023-10-26 15:08:10,442 [Worker-73: Download sources and javadoc] INFO  o.e.m.j.internal.DownloadSourcesJob - Downloaded sources for org.postgresql:postgresql:42.6.0
2023-10-26 15:08:10,772 [Worker-73: Download sources and javadoc] INFO  o.e.m.c.i.e.AbstractTransferListenerAdapter - Downloading https://repo.maven.apache.org/maven2/org/checkerframework/checker-qual/3.31.0/checker-qual-3.31.0-sources.jar
2023-10-26 15:08:11,509 [Worker-73: Download sources and javadoc] INFO  o.e.m.c.i.e.AbstractTransferListenerAdapter - Downloaded https://repo.maven.apache.org/maven2/org/checkerframework/checker-qual/3.31.0/checker-qual-3.31.0-sources.jar
2023-10-26 15:08:11,512 [Worker-73: Download sources and javadoc] INFO  o.e.m.j.internal.DownloadSourcesJob - Downloaded sources for org.checkerframework:checker-qual:3.31.0
2023-10-26 15:08:11,685 [Worker-72: Building] INFO  o.e.m.c.i.embedder.EclipseLogger - Using 'UTF-8' encoding to copy filtered resources.
2023-10-26 15:08:11,685 [Worker-72: Building] INFO  o.e.m.c.i.embedder.EclipseLogger - skip non existing resourceDirectory D:\CG-16Oct23\JavaWorkspace\JDBCDemo\src\main\resources
2023-10-26 15:08:11,689 [Worker-72: Building] INFO  o.e.m.c.i.embedder.EclipseLogger - Using 'UTF-8' encoding to copy filtered resources.
2023-10-26 15:08:11,689 [Worker-72: Building] INFO  o.e.m.c.i.embedder.EclipseLogger - skip non existing resourceDirectory D:\CG-16Oct23\JavaWorkspace\JDBCDemo\src\test\resources
2023-10-26 15:08:37,069 [Worker-73: Updating Maven Project] INFO  o.e.m.c.i.p.ProjectConfigurationManager - Update started
2023-10-26 15:08:37,280 [Worker-73: Updating Maven Project] INFO  o.e.m.c.i.l.LifecycleMappingFactory - Using org.eclipse.m2e.jdt.JarLifecycleMapping lifecycle mapping for MavenProject: mygroup:JDBCDemo:0.0.1-SNAPSHOT @ D:\CG-16Oct23\JavaWorkspace\JDBCDemo\pom.xml.
2023-10-26 15:08:37,368 [Worker-73: Updating Maven Project] INFO  o.e.m.j.i.AbstractJavaProjectConfigurator - Adding source folder /JDBCDemo/src/main/java
2023-10-26 15:08:37,370 [Worker-73: Updating Maven Project] INFO  o.e.m.j.i.AbstractJavaProjectConfigurator - Adding source folder /JDBCDemo/src/test/java
2023-10-26 15:08:37,443 [Worker-73: Updating Maven Project] INFO  o.e.m.c.i.p.ProjectConfigurationManager - Update completed: 0 sec
2023-10-26 15:08:37,626 [Worker-74: Building] INFO  o.e.m.c.i.embedder.EclipseLogger - Using 'UTF-8' encoding to copy filtered resources.
2023-10-26 15:08:37,626 [Worker-74: Building] INFO  o.e.m.c.i.embedder.EclipseLogger - skip non existing resourceDirectory D:\CG-16Oct23\JavaWorkspace\JDBCDemo\src\main\resources
2023-10-26 15:08:37,627 [Worker-74: Building] INFO  o.e.m.c.i.embedder.EclipseLogger - Using 'UTF-8' encoding to copy filtered resources.
2023-10-26 15:08:37,627 [Worker-74: Building] INFO  o.e.m.c.i.embedder.EclipseLogger - skip non existing resourceDirectory D:\CG-16Oct23\JavaWorkspace\JDBCDemo\src\test\resources
2023-10-26 15:08:55,818 [Worker-72: Updating Maven Project] INFO  o.e.m.c.i.p.ProjectConfigurationManager - Update started
2023-10-26 15:08:56,033 [Worker-72: Updating Maven Project] INFO  o.e.m.c.i.l.LifecycleMappingFactory - Using org.eclipse.m2e.jdt.JarLifecycleMapping lifecycle mapping for MavenProject: mygroup:JDBCDemo:0.0.1-SNAPSHOT @ D:\CG-16Oct23\JavaWorkspace\JDBCDemo\pom.xml.
2023-10-26 15:08:56,115 [Worker-72: Updating Maven Project] INFO  o.e.m.j.i.AbstractJavaProjectConfigurator - Adding source folder /JDBCDemo/src/main/java
2023-10-26 15:08:56,115 [Worker-72: Updating Maven Project] INFO  o.e.m.j.i.AbstractJavaProjectConfigurator - Adding source folder /JDBCDemo/src/test/java
2023-10-26 15:08:56,163 [Worker-72: Updating Maven Project] INFO  o.e.m.c.i.p.ProjectConfigurationManager - Update completed: 0 sec
2023-10-26 15:08:56,304 [Worker-74: Building] INFO  o.e.m.c.i.embedder.EclipseLogger - Using 'UTF-8' encoding to copy filtered resources.
2023-10-26 15:08:56,304 [Worker-74: Building] INFO  o.e.m.c.i.embedder.EclipseLogger - skip non existing resourceDirectory D:\CG-16Oct23\JavaWorkspace\JDBCDemo\src\main\resources
2023-10-26 15:08:56,307 [Worker-74: Building] INFO  o.e.m.c.i.embedder.EclipseLogger - Using 'UTF-8' encoding to copy filtered resources.
2023-10-26 15:08:56,308 [Worker-74: Building] INFO  o.e.m.c.i.embedder.EclipseLogger - skip non existing resourceDirectory D:\CG-16Oct23\JavaWorkspace\JDBCDemo\src\test\resources
2023-10-26 15:10:57,164 [Worker-75: Building] INFO  o.e.m.c.i.embedder.EclipseLogger - Using 'UTF-8' encoding to copy filtered resources.
2023-10-26 15:10:57,164 [Worker-75: Building] INFO  o.e.m.c.i.embedder.EclipseLogger - skip non existing resourceDirectory D:\CG-16Oct23\JavaWorkspace\JDBCDemo\src\main\resources
2023-10-26 15:10:57,166 [Worker-75: Building] INFO  o.e.m.c.i.embedder.EclipseLogger - Using 'UTF-8' encoding to copy filtered resources.
2023-10-26 15:10:57,166 [Worker-75: Building] INFO  o.e.m.c.i.embedder.EclipseLogger - skip non existing resourceDirectory D:\CG-16Oct23\JavaWorkspace\JDBCDemo\src\test\resources
2023-10-26 15:11:43,495 [Worker-62: Building] INFO  o.e.m.c.i.embedder.EclipseLogger - Using 'UTF-8' encoding to copy filtered resources.
2023-10-26 15:11:43,497 [Worker-62: Building] INFO  o.e.m.c.i.embedder.EclipseLogger - skip non existing resourceDirectory D:\CG-16Oct23\JavaWorkspace\JDBCDemo\src\main\resources
2023-10-26 15:11:43,499 [Worker-62: Building] INFO  o.e.m.c.i.embedder.EclipseLogger - Using 'UTF-8' encoding to copy filtered resources.
2023-10-26 15:11:43,499 [Worker-62: Building] INFO  o.e.m.c.i.embedder.EclipseLogger - skip non existing resourceDirectory D:\CG-16Oct23\JavaWorkspace\JDBCDemo\src\test\resources
2023-10-26 15:14:50,401 [Worker-78: Building] INFO  o.e.m.c.i.embedder.EclipseLogger - Using 'UTF-8' encoding to copy filtered resources.
2023-10-26 15:14:50,401 [Worker-78: Building] INFO  o.e.m.c.i.embedder.EclipseLogger - skip non existing resourceDirectory D:\CG-16Oct23\JavaWorkspace\JDBCDemo\src\main\resources
2023-10-26 15:14:50,403 [Worker-78: Building] INFO  o.e.m.c.i.embedder.EclipseLogger - Using 'UTF-8' encoding to copy filtered resources.
2023-10-26 15:14:50,403 [Worker-78: Building] INFO  o.e.m.c.i.embedder.EclipseLogger - skip non existing resourceDirectory D:\CG-16Oct23\JavaWorkspace\JDBCDemo\src\test\resources
2023-10-26 15:14:58,605 [Worker-78: Building] INFO  o.e.m.c.i.embedder.EclipseLogger - Using 'UTF-8' encoding to copy filtered resources.
2023-10-26 15:14:58,605 [Worker-78: Building] INFO  o.e.m.c.i.embedder.EclipseLogger - skip non existing resourceDirectory D:\CG-16Oct23\JavaWorkspace\JDBCDemo\src\main\resources
2023-10-26 15:14:58,607 [Worker-78: Building] INFO  o.e.m.c.i.embedder.EclipseLogger - Using 'UTF-8' encoding to copy filtered resources.
2023-10-26 15:14:58,607 [Worker-78: Building] INFO  o.e.m.c.i.embedder.EclipseLogger - skip non existing resourceDirectory D:\CG-16Oct23\JavaWorkspace\JDBCDemo\src\test\resources
2023-10-26 15:15:42,096 [Worker-79: Building] INFO  o.e.m.c.i.embedder.EclipseLogger - Using 'UTF-8' encoding to copy filtered resources.
2023-10-26 15:15:42,096 [Worker-79: Building] INFO  o.e.m.c.i.embedder.EclipseLogger - skip non existing resourceDirectory D:\CG-16Oct23\JavaWorkspace\JDBCDemo\src\main\resources
2023-10-26 15:15:42,098 [Worker-79: Building] INFO  o.e.m.c.i.embedder.EclipseLogger - Using 'UTF-8' encoding to copy filtered resources.
2023-10-26 15:15:42,098 [Worker-79: Building] INFO  o.e.m.c.i.embedder.EclipseLogger - skip non existing resourceDirectory D:\CG-16Oct23\JavaWorkspace\JDBCDemo\src\test\resources
2023-10-26 15:16:45,715 [Worker-79: Building] INFO  o.e.m.c.i.embedder.EclipseLogger - Using 'UTF-8' encoding to copy filtered resources.
2023-10-26 15:16:45,715 [Worker-79: Building] INFO  o.e.m.c.i.embedder.EclipseLogger - skip non existing resourceDirectory D:\CG-16Oct23\JavaWorkspace\JDBCDemo\src\main\resources
2023-10-26 15:16:45,716 [Worker-79: Building] INFO  o.e.m.c.i.embedder.EclipseLogger - Using 'UTF-8' encoding to copy filtered resources.
2023-10-26 15:16:45,716 [Worker-79: Building] INFO  o.e.m.c.i.embedder.EclipseLogger - skip non existing resourceDirectory D:\CG-16Oct23\JavaWorkspace\JDBCDemo\src\test\resources
2023-10-26 15:17:11,079 [Worker-76: Building] INFO  o.e.m.c.i.embedder.EclipseLogger - Using 'UTF-8' encoding to copy filtered resources.
2023-10-26 15:17:11,079 [Worker-76: Building] INFO  o.e.m.c.i.embedder.EclipseLogger - skip non existing resourceDirectory D:\CG-16Oct23\JavaWorkspace\JDBCDemo\src\main\resources
2023-10-26 15:17:11,082 [Worker-76: Building] INFO  o.e.m.c.i.embedder.EclipseLogger - Using 'UTF-8' encoding to copy filtered resources.
2023-10-26 15:17:11,082 [Worker-76: Building] INFO  o.e.m.c.i.embedder.EclipseLogger - skip non existing resourceDirectory D:\CG-16Oct23\JavaWorkspace\JDBCDemo\src\test\resources
2023-10-26 15:20:33,008 [Worker-72: Building] INFO  o.e.m.c.i.embedder.EclipseLogger - Using 'UTF-8' encoding to copy filtered resources.
2023-10-26 15:20:33,009 [Worker-72: Building] INFO  o.e.m.c.i.embedder.EclipseLogger - skip non existing resourceDirectory D:\CG-16Oct23\JavaWorkspace\JDBCDemo\src\main\resources
2023-10-26 15:20:33,010 [Worker-72: Building] INFO  o.e.m.c.i.embedder.EclipseLogger - Using 'UTF-8' encoding to copy filtered resources.
2023-10-26 15:20:33,010 [Worker-72: Building] INFO  o.e.m.c.i.embedder.EclipseLogger - skip non existing resourceDirectory D:\CG-16Oct23\JavaWorkspace\JDBCDemo\src\test\resources
2023-10-26 15:21:11,529 [Worker-82: Building] INFO  o.e.m.c.i.embedder.EclipseLogger - Using 'UTF-8' encoding to copy filtered resources.
2023-10-26 15:21:11,530 [Worker-82: Building] INFO  o.e.m.c.i.embedder.EclipseLogger - skip non existing resourceDirectory D:\CG-16Oct23\JavaWorkspace\JDBCDemo\src\main\resources
2023-10-26 15:21:11,531 [Worker-82: Building] INFO  o.e.m.c.i.embedder.EclipseLogger - Using 'UTF-8' encoding to copy filtered resources.
2023-10-26 15:21:11,531 [Worker-82: Building] INFO  o.e.m.c.i.embedder.EclipseLogger - skip non existing resourceDirectory D:\CG-16Oct23\JavaWorkspace\JDBCDemo\src\test\resources
2023-10-26 15:21:45,561 [Worker-81: Building] INFO  o.e.m.c.i.embedder.EclipseLogger - Using 'UTF-8' encoding to copy filtered resources.
2023-10-26 15:21:45,561 [Worker-81: Building] INFO  o.e.m.c.i.embedder.EclipseLogger - skip non existing resourceDirectory D:\CG-16Oct23\JavaWorkspace\JDBCDemo\src\main\resources
2023-10-26 15:21:45,563 [Worker-81: Building] INFO  o.e.m.c.i.embedder.EclipseLogger - Using 'UTF-8' encoding to copy filtered resources.
2023-10-26 15:21:45,563 [Worker-81: Building] INFO  o.e.m.c.i.embedder.EclipseLogger - skip non existing resourceDirectory D:\CG-16Oct23\JavaWorkspace\JDBCDemo\src\test\resources
2023-10-26 15:22:08,087 [Worker-76: Building] INFO  o.e.m.c.i.embedder.EclipseLogger - Using 'UTF-8' encoding to copy filtered resources.
2023-10-26 15:22:08,088 [Worker-76: Building] INFO  o.e.m.c.i.embedder.EclipseLogger - skip non existing resourceDirectory D:\CG-16Oct23\JavaWorkspace\JDBCDemo\src\main\resources
2023-10-26 15:22:08,089 [Worker-76: Building] INFO  o.e.m.c.i.embedder.EclipseLogger - Using 'UTF-8' encoding to copy filtered resources.
2023-10-26 15:22:08,089 [Worker-76: Building] INFO  o.e.m.c.i.embedder.EclipseLogger - skip non existing resourceDirectory D:\CG-16Oct23\JavaWorkspace\JDBCDemo\src\test\resources
2023-10-26 15:22:52,858 [Worker-76: Building] INFO  o.e.m.c.i.embedder.EclipseLogger - Using 'UTF-8' encoding to copy filtered resources.
2023-10-26 15:22:52,858 [Worker-76: Building] INFO  o.e.m.c.i.embedder.EclipseLogger - skip non existing resourceDirectory D:\CG-16Oct23\JavaWorkspace\JDBCDemo\src\main\resources
2023-10-26 15:22:52,860 [Worker-76: Building] INFO  o.e.m.c.i.embedder.EclipseLogger - Using 'UTF-8' encoding to copy filtered resources.
2023-10-26 15:22:52,860 [Worker-76: Building] INFO  o.e.m.c.i.embedder.EclipseLogger - skip non existing resourceDirectory D:\CG-16Oct23\JavaWorkspace\JDBCDemo\src\test\resources
2023-10-26 15:22:58,604 [Worker-72: Building] INFO  o.e.m.c.i.embedder.EclipseLogger - Using 'UTF-8' encoding to copy filtered resources.
2023-10-26 15:22:58,604 [Worker-72: Building] INFO  o.e.m.c.i.embedder.EclipseLogger - skip non existing resourceDirectory D:\CG-16Oct23\JavaWorkspace\JDBCDemo\src\main\resources
2023-10-26 15:22:58,606 [Worker-72: Building] INFO  o.e.m.c.i.embedder.EclipseLogger - Using 'UTF-8' encoding to copy filtered resources.
2023-10-26 15:22:58,606 [Worker-72: Building] INFO  o.e.m.c.i.embedder.EclipseLogger - skip non existing resourceDirectory D:\CG-16Oct23\JavaWorkspace\JDBCDemo\src\test\resources
2023-10-26 15:23:14,578 [Worker-83: Building] INFO  o.e.m.c.i.embedder.EclipseLogger - Using 'UTF-8' encoding to copy filtered resources.
2023-10-26 15:23:14,579 [Worker-83: Building] INFO  o.e.m.c.i.embedder.EclipseLogger - skip non existing resourceDirectory D:\CG-16Oct23\JavaWorkspace\JDBCDemo\src\main\resources
2023-10-26 15:23:14,581 [Worker-83: Building] INFO  o.e.m.c.i.embedder.EclipseLogger - Using 'UTF-8' encoding to copy filtered resources.
2023-10-26 15:23:14,581 [Worker-83: Building] INFO  o.e.m.c.i.embedder.EclipseLogger - skip non existing resourceDirectory D:\CG-16Oct23\JavaWorkspace\JDBCDemo\src\test\resources
2023-10-26 15:23:20,582 [Worker-81: Building] INFO  o.e.m.c.i.embedder.EclipseLogger - Using 'UTF-8' encoding to copy filtered resources.
2023-10-26 15:23:20,582 [Worker-81: Building] INFO  o.e.m.c.i.embedder.EclipseLogger - skip non existing resourceDirectory D:\CG-16Oct23\JavaWorkspace\JDBCDemo\src\main\resources
2023-10-26 15:23:20,585 [Worker-81: Building] INFO  o.e.m.c.i.embedder.EclipseLogger - Using 'UTF-8' encoding to copy filtered resources.
2023-10-26 15:23:20,585 [Worker-81: Building] INFO  o.e.m.c.i.embedder.EclipseLogger - skip non existing resourceDirectory D:\CG-16Oct23\JavaWorkspace\JDBCDemo\src\test\resources
2023-10-26 15:23:35,006 [Worker-72: Building] INFO  o.e.m.c.i.embedder.EclipseLogger - Using 'UTF-8' encoding to copy filtered resources.
2023-10-26 15:23:35,007 [Worker-72: Building] INFO  o.e.m.c.i.embedder.EclipseLogger - skip non existing resourceDirectory D:\CG-16Oct23\JavaWorkspace\JDBCDemo\src\main\resources
2023-10-26 15:23:35,008 [Worker-72: Building] INFO  o.e.m.c.i.embedder.EclipseLogger - Using 'UTF-8' encoding to copy filtered resources.
2023-10-26 15:23:35,008 [Worker-72: Building] INFO  o.e.m.c.i.embedder.EclipseLogger - skip non existing resourceDirectory D:\CG-16Oct23\JavaWorkspace\JDBCDemo\src\test\resources
2023-10-26 15:24:44,924 [Worker-81: Building] INFO  o.e.m.c.i.embedder.EclipseLogger - Using 'UTF-8' encoding to copy filtered resources.
2023-10-26 15:24:44,925 [Worker-81: Building] INFO  o.e.m.c.i.embedder.EclipseLogger - skip non existing resourceDirectory D:\CG-16Oct23\JavaWorkspace\JDBCDemo\src\main\resources
2023-10-26 15:24:44,927 [Worker-81: Building] INFO  o.e.m.c.i.embedder.EclipseLogger - Using 'UTF-8' encoding to copy filtered resources.
2023-10-26 15:24:44,927 [Worker-81: Building] INFO  o.e.m.c.i.embedder.EclipseLogger - skip non existing resourceDirectory D:\CG-16Oct23\JavaWorkspace\JDBCDemo\src\test\resources
2023-10-26 15:24:48,381 [Worker-83: Building] INFO  o.e.m.c.i.embedder.EclipseLogger - Using 'UTF-8' encoding to copy filtered resources.
2023-10-26 15:24:48,381 [Worker-83: Building] INFO  o.e.m.c.i.embedder.EclipseLogger - skip non existing resourceDirectory D:\CG-16Oct23\JavaWorkspace\JDBCDemo\src\main\resources
2023-10-26 15:24:48,383 [Worker-83: Building] INFO  o.e.m.c.i.embedder.EclipseLogger - Using 'UTF-8' encoding to copy filtered resources.
2023-10-26 15:24:48,383 [Worker-83: Building] INFO  o.e.m.c.i.embedder.EclipseLogger - skip non existing resourceDirectory D:\CG-16Oct23\JavaWorkspace\JDBCDemo\src\test\resources
2023-10-26 15:31:25,240 [Worker-86: Building] INFO  o.e.m.c.i.embedder.EclipseLogger - Using 'UTF-8' encoding to copy filtered resources.
2023-10-26 15:31:25,240 [Worker-86: Building] INFO  o.e.m.c.i.embedder.EclipseLogger - skip non existing resourceDirectory D:\CG-16Oct23\JavaWorkspace\JDBCDemo\src\main\resources
2023-10-26 15:31:25,241 [Worker-86: Building] INFO  o.e.m.c.i.embedder.EclipseLogger - Using 'UTF-8' encoding to copy filtered resources.
2023-10-26 15:31:25,241 [Worker-86: Building] INFO  o.e.m.c.i.embedder.EclipseLogger - skip non existing resourceDirectory D:\CG-16Oct23\JavaWorkspace\JDBCDemo\src\test\resources
2023-10-26 15:31:29,882 [Worker-87: Building] INFO  o.e.m.c.i.embedder.EclipseLogger - Using 'UTF-8' encoding to copy filtered resources.
2023-10-26 15:31:29,882 [Worker-87: Building] INFO  o.e.m.c.i.embedder.EclipseLogger - skip non existing resourceDirectory D:\CG-16Oct23\JavaWorkspace\JDBCDemo\src\main\resources
2023-10-26 15:31:29,885 [Worker-87: Building] INFO  o.e.m.c.i.embedder.EclipseLogger - Using 'UTF-8' encoding to copy filtered resources.
2023-10-26 15:31:29,885 [Worker-87: Building] INFO  o.e.m.c.i.embedder.EclipseLogger - skip non existing resourceDirectory D:\CG-16Oct23\JavaWorkspace\JDBCDemo\src\test\resources
2023-10-26 15:31:41,778 [Worker-81: Building] INFO  o.e.m.c.i.embedder.EclipseLogger - Using 'UTF-8' encoding to copy filtered resources.
2023-10-26 15:31:41,778 [Worker-81: Building] INFO  o.e.m.c.i.embedder.EclipseLogger - skip non existing resourceDirectory D:\CG-16Oct23\JavaWorkspace\JDBCDemo\src\main\resources
2023-10-26 15:31:41,780 [Worker-81: Building] INFO  o.e.m.c.i.embedder.EclipseLogger - Using 'UTF-8' encoding to copy filtered resources.
2023-10-26 15:31:41,780 [Worker-81: Building] INFO  o.e.m.c.i.embedder.EclipseLogger - skip non existing resourceDirectory D:\CG-16Oct23\JavaWorkspace\JDBCDemo\src\test\resources
2023-10-26 15:32:03,396 [Worker-81: Building] INFO  o.e.m.c.i.embedder.EclipseLogger - Using 'UTF-8' encoding to copy filtered resources.
2023-10-26 15:32:03,397 [Worker-81: Building] INFO  o.e.m.c.i.embedder.EclipseLogger - skip non existing resourceDirectory D:\CG-16Oct23\JavaWorkspace\JDBCDemo\src\main\resources
2023-10-26 15:32:03,398 [Worker-81: Building] INFO  o.e.m.c.i.embedder.EclipseLogger - Using 'UTF-8' encoding to copy filtered resources.
2023-10-26 15:32:03,398 [Worker-81: Building] INFO  o.e.m.c.i.embedder.EclipseLogger - skip non existing resourceDirectory D:\CG-16Oct23\JavaWorkspace\JDBCDemo\src\test\resources
2023-10-26 15:32:16,165 [Worker-81: Building] INFO  o.e.m.c.i.embedder.EclipseLogger - Using 'UTF-8' encoding to copy filtered resources.
2023-10-26 15:32:16,165 [Worker-81: Building] INFO  o.e.m.c.i.embedder.EclipseLogger - skip non existing resourceDirectory D:\CG-16Oct23\JavaWorkspace\JDBCDemo\src\main\resources
2023-10-26 15:32:16,166 [Worker-81: Building] INFO  o.e.m.c.i.embedder.EclipseLogger - Using 'UTF-8' encoding to copy filtered resources.
2023-10-26 15:32:16,167 [Worker-81: Building] INFO  o.e.m.c.i.embedder.EclipseLogger - skip non existing resourceDirectory D:\CG-16Oct23\JavaWorkspace\JDBCDemo\src\test\resources
2023-10-26 15:32:34,017 [Worker-81: Building] INFO  o.e.m.c.i.embedder.EclipseLogger - Using 'UTF-8' encoding to copy filtered resources.
2023-10-26 15:32:34,017 [Worker-81: Building] INFO  o.e.m.c.i.embedder.EclipseLogger - skip non existing resourceDirectory D:\CG-16Oct23\JavaWorkspace\JDBCDemo\src\main\resources
2023-10-26 15:32:34,019 [Worker-81: Building] INFO  o.e.m.c.i.embedder.EclipseLogger - Using 'UTF-8' encoding to copy filtered resources.
2023-10-26 15:32:34,019 [Worker-81: Building] INFO  o.e.m.c.i.embedder.EclipseLogger - skip non existing resourceDirectory D:\CG-16Oct23\JavaWorkspace\JDBCDemo\src\test\resources
2023-10-26 15:33:01,217 [Worker-72: Building] INFO  o.e.m.c.i.embedder.EclipseLogger - Using 'UTF-8' encoding to copy filtered resources.
2023-10-26 15:33:01,217 [Worker-72: Building] INFO  o.e.m.c.i.embedder.EclipseLogger - skip non existing resourceDirectory D:\CG-16Oct23\JavaWorkspace\JDBCDemo\src\main\resources
2023-10-26 15:33:01,219 [Worker-72: Building] INFO  o.e.m.c.i.embedder.EclipseLogger - Using 'UTF-8' encoding to copy filtered resources.
2023-10-26 15:33:01,219 [Worker-72: Building] INFO  o.e.m.c.i.embedder.EclipseLogger - skip non existing resourceDirectory D:\CG-16Oct23\JavaWorkspace\JDBCDemo\src\test\resources
2023-10-26 15:33:26,066 [Worker-85: Building] INFO  o.e.m.c.i.embedder.EclipseLogger - Using 'UTF-8' encoding to copy filtered resources.
2023-10-26 15:33:26,066 [Worker-85: Building] INFO  o.e.m.c.i.embedder.EclipseLogger - skip non existing resourceDirectory D:\CG-16Oct23\JavaWorkspace\JDBCDemo\src\main\resources
2023-10-26 15:33:26,068 [Worker-85: Building] INFO  o.e.m.c.i.embedder.EclipseLogger - Using 'UTF-8' encoding to copy filtered resources.
2023-10-26 15:33:26,068 [Worker-85: Building] INFO  o.e.m.c.i.embedder.EclipseLogger - skip non existing resourceDirectory D:\CG-16Oct23\JavaWorkspace\JDBCDemo\src\test\resources
2023-10-26 15:33:44,984 [Worker-81: Building] INFO  o.e.m.c.i.embedder.EclipseLogger - Using 'UTF-8' encoding to copy filtered resources.
2023-10-26 15:33:44,984 [Worker-81: Building] INFO  o.e.m.c.i.embedder.EclipseLogger - skip non existing resourceDirectory D:\CG-16Oct23\JavaWorkspace\JDBCDemo\src\main\resources
2023-10-26 15:33:44,985 [Worker-81: Building] INFO  o.e.m.c.i.embedder.EclipseLogger - Using 'UTF-8' encoding to copy filtered resources.
2023-10-26 15:33:44,985 [Worker-81: Building] INFO  o.e.m.c.i.embedder.EclipseLogger - skip non existing resourceDirectory D:\CG-16Oct23\JavaWorkspace\JDBCDemo\src\test\resources
2023-10-26 15:34:48,537 [Worker-87: Building] INFO  o.e.m.c.i.embedder.EclipseLogger - Using 'UTF-8' encoding to copy filtered resources.
2023-10-26 15:34:48,537 [Worker-87: Building] INFO  o.e.m.c.i.embedder.EclipseLogger - skip non existing resourceDirectory D:\CG-16Oct23\JavaWorkspace\JDBCDemo\src\main\resources
2023-10-26 15:34:48,538 [Worker-87: Building] INFO  o.e.m.c.i.embedder.EclipseLogger - Using 'UTF-8' encoding to copy filtered resources.
2023-10-26 15:34:48,538 [Worker-87: Building] INFO  o.e.m.c.i.embedder.EclipseLogger - skip non existing resourceDirectory D:\CG-16Oct23\JavaWorkspace\JDBCDemo\src\test\resources
2023-10-26 15:35:09,634 [Worker-87: Building] INFO  o.e.m.c.i.embedder.EclipseLogger - Using 'UTF-8' encoding to copy filtered resources.
2023-10-26 15:35:09,634 [Worker-87: Building] INFO  o.e.m.c.i.embedder.EclipseLogger - skip non existing resourceDirectory D:\CG-16Oct23\JavaWorkspace\JDBCDemo\src\main\resources
2023-10-26 15:35:09,636 [Worker-87: Building] INFO  o.e.m.c.i.embedder.EclipseLogger - Using 'UTF-8' encoding to copy filtered resources.
2023-10-26 15:35:09,636 [Worker-87: Building] INFO  o.e.m.c.i.embedder.EclipseLogger - skip non existing resourceDirectory D:\CG-16Oct23\JavaWorkspace\JDBCDemo\src\test\resources
2023-10-26 15:35:23,554 [Worker-87: Building] INFO  o.e.m.c.i.embedder.EclipseLogger - Using 'UTF-8' encoding to copy filtered resources.
2023-10-26 15:35:23,554 [Worker-87: Building] INFO  o.e.m.c.i.embedder.EclipseLogger - skip non existing resourceDirectory D:\CG-16Oct23\JavaWorkspace\JDBCDemo\src\main\resources
2023-10-26 15:35:23,555 [Worker-87: Building] INFO  o.e.m.c.i.embedder.EclipseLogger - Using 'UTF-8' encoding to copy filtered resources.
2023-10-26 15:35:23,555 [Worker-87: Building] INFO  o.e.m.c.i.embedder.EclipseLogger - skip non existing resourceDirectory D:\CG-16Oct23\JavaWorkspace\JDBCDemo\src\test\resources
2023-10-26 15:35:24,956 [Worker-72: Building] INFO  o.e.m.c.i.embedder.EclipseLogger - Using 'UTF-8' encoding to copy filtered resources.
2023-10-26 15:35:24,956 [Worker-72: Building] INFO  o.e.m.c.i.embedder.EclipseLogger - skip non existing resourceDirectory D:\CG-16Oct23\JavaWorkspace\JDBCDemo\src\main\resources
2023-10-26 15:35:24,957 [Worker-72: Building] INFO  o.e.m.c.i.embedder.EclipseLogger - Using 'UTF-8' encoding to copy filtered resources.
2023-10-26 15:35:24,958 [Worker-72: Building] INFO  o.e.m.c.i.embedder.EclipseLogger - skip non existing resourceDirectory D:\CG-16Oct23\JavaWorkspace\JDBCDemo\src\test\resources
2023-10-26 15:35:47,336 [Worker-85: Building] INFO  o.e.m.c.i.embedder.EclipseLogger - Using 'UTF-8' encoding to copy filtered resources.
2023-10-26 15:35:47,336 [Worker-85: Building] INFO  o.e.m.c.i.embedder.EclipseLogger - skip non existing resourceDirectory D:\CG-16Oct23\JavaWorkspace\JDBCDemo\src\main\resources
2023-10-26 15:35:47,338 [Worker-85: Building] INFO  o.e.m.c.i.embedder.EclipseLogger - Using 'UTF-8' encoding to copy filtered resources.
2023-10-26 15:35:47,338 [Worker-85: Building] INFO  o.e.m.c.i.embedder.EclipseLogger - skip non existing resourceDirectory D:\CG-16Oct23\JavaWorkspace\JDBCDemo\src\test\resources
2023-10-26 15:36:12,684 [Worker-88: Building] INFO  o.e.m.c.i.embedder.EclipseLogger - Using 'UTF-8' encoding to copy filtered resources.
2023-10-26 15:36:12,685 [Worker-88: Building] INFO  o.e.m.c.i.embedder.EclipseLogger - skip non existing resourceDirectory D:\CG-16Oct23\JavaWorkspace\JDBCDemo\src\main\resources
2023-10-26 15:36:12,687 [Worker-88: Building] INFO  o.e.m.c.i.embedder.EclipseLogger - Using 'UTF-8' encoding to copy filtered resources.
2023-10-26 15:36:12,688 [Worker-88: Building] INFO  o.e.m.c.i.embedder.EclipseLogger - skip non existing resourceDirectory D:\CG-16Oct23\JavaWorkspace\JDBCDemo\src\test\resources
2023-10-26 15:36:36,054 [Worker-81: Building] INFO  o.e.m.c.i.embedder.EclipseLogger - Using 'UTF-8' encoding to copy filtered resources.
2023-10-26 15:36:36,054 [Worker-81: Building] INFO  o.e.m.c.i.embedder.EclipseLogger - skip non existing resourceDirectory D:\CG-16Oct23\JavaWorkspace\JDBCDemo\src\main\resources
2023-10-26 15:36:36,056 [Worker-81: Building] INFO  o.e.m.c.i.embedder.EclipseLogger - Using 'UTF-8' encoding to copy filtered resources.
2023-10-26 15:36:36,057 [Worker-81: Building] INFO  o.e.m.c.i.embedder.EclipseLogger - skip non existing resourceDirectory D:\CG-16Oct23\JavaWorkspace\JDBCDemo\src\test\resources
2023-10-26 15:38:24,430 [Worker-72: Building] INFO  o.e.m.c.i.embedder.EclipseLogger - Using 'UTF-8' encoding to copy filtered resources.
2023-10-26 15:38:24,430 [Worker-72: Building] INFO  o.e.m.c.i.embedder.EclipseLogger - skip non existing resourceDirectory D:\CG-16Oct23\JavaWorkspace\JDBCDemo\src\main\resources
2023-10-26 15:38:24,433 [Worker-72: Building] INFO  o.e.m.c.i.embedder.EclipseLogger - Using 'UTF-8' encoding to copy filtered resources.
2023-10-26 15:38:24,433 [Worker-72: Building] INFO  o.e.m.c.i.embedder.EclipseLogger - skip non existing resourceDirectory D:\CG-16Oct23\JavaWorkspace\JDBCDemo\src\test\resources
2023-10-26 15:38:32,593 [Worker-87: Building] INFO  o.e.m.c.i.embedder.EclipseLogger - Using 'UTF-8' encoding to copy filtered resources.
2023-10-26 15:38:32,593 [Worker-87: Building] INFO  o.e.m.c.i.embedder.EclipseLogger - skip non existing resourceDirectory D:\CG-16Oct23\JavaWorkspace\JDBCDemo\src\main\resources
2023-10-26 15:38:32,594 [Worker-87: Building] INFO  o.e.m.c.i.embedder.EclipseLogger - Using 'UTF-8' encoding to copy filtered resources.
2023-10-26 15:38:32,594 [Worker-87: Building] INFO  o.e.m.c.i.embedder.EclipseLogger - skip non existing resourceDirectory D:\CG-16Oct23\JavaWorkspace\JDBCDemo\src\test\resources
2023-10-26 15:38:48,250 [Worker-85: Building] INFO  o.e.m.c.i.embedder.EclipseLogger - Using 'UTF-8' encoding to copy filtered resources.
2023-10-26 15:38:48,250 [Worker-85: Building] INFO  o.e.m.c.i.embedder.EclipseLogger - skip non existing resourceDirectory D:\CG-16Oct23\JavaWorkspace\JDBCDemo\src\main\resources
2023-10-26 15:38:48,252 [Worker-85: Building] INFO  o.e.m.c.i.embedder.EclipseLogger - Using 'UTF-8' encoding to copy filtered resources.
2023-10-26 15:38:48,252 [Worker-85: Building] INFO  o.e.m.c.i.embedder.EclipseLogger - skip non existing resourceDirectory D:\CG-16Oct23\JavaWorkspace\JDBCDemo\src\test\resources
2023-10-26 15:39:02,788 [Worker-88: Building] INFO  o.e.m.c.i.embedder.EclipseLogger - Using 'UTF-8' encoding to copy filtered resources.
2023-10-26 15:39:02,788 [Worker-88: Building] INFO  o.e.m.c.i.embedder.EclipseLogger - skip non existing resourceDirectory D:\CG-16Oct23\JavaWorkspace\JDBCDemo\src\main\resources
2023-10-26 15:39:02,790 [Worker-88: Building] INFO  o.e.m.c.i.embedder.EclipseLogger - Using 'UTF-8' encoding to copy filtered resources.
2023-10-26 15:39:02,790 [Worker-88: Building] INFO  o.e.m.c.i.embedder.EclipseLogger - skip non existing resourceDirectory D:\CG-16Oct23\JavaWorkspace\JDBCDemo\src\test\resources
2023-10-26 15:39:07,034 [Worker-72: Building] INFO  o.e.m.c.i.embedder.EclipseLogger - Using 'UTF-8' encoding to copy filtered resources.
2023-10-26 15:39:07,034 [Worker-72: Building] INFO  o.e.m.c.i.embedder.EclipseLogger - skip non existing resourceDirectory D:\CG-16Oct23\JavaWorkspace\JDBCDemo\src\main\resources
2023-10-26 15:39:07,034 [Worker-72: Building] INFO  o.e.m.c.i.embedder.EclipseLogger - Using 'UTF-8' encoding to copy filtered resources.
2023-10-26 15:39:07,035 [Worker-72: Building] INFO  o.e.m.c.i.embedder.EclipseLogger - skip non existing resourceDirectory D:\CG-16Oct23\JavaWorkspace\JDBCDemo\src\test\resources
2023-10-26 15:40:17,797 [Worker-88: Building] INFO  o.e.m.c.i.embedder.EclipseLogger - Using 'UTF-8' encoding to copy filtered resources.
2023-10-26 15:40:17,797 [Worker-88: Building] INFO  o.e.m.c.i.embedder.EclipseLogger - skip non existing resourceDirectory D:\CG-16Oct23\JavaWorkspace\JDBCDemo\src\main\resources
2023-10-26 15:40:17,799 [Worker-88: Building] INFO  o.e.m.c.i.embedder.EclipseLogger - Using 'UTF-8' encoding to copy filtered resources.
2023-10-26 15:40:17,799 [Worker-88: Building] INFO  o.e.m.c.i.embedder.EclipseLogger - skip non existing resourceDirectory D:\CG-16Oct23\JavaWorkspace\JDBCDemo\src\test\resources
2023-10-26 15:40:29,305 [Worker-90: Building] INFO  o.e.m.c.i.embedder.EclipseLogger - Using 'UTF-8' encoding to copy filtered resources.
2023-10-26 15:40:29,305 [Worker-90: Building] INFO  o.e.m.c.i.embedder.EclipseLogger - skip non existing resourceDirectory D:\CG-16Oct23\JavaWorkspace\JDBCDemo\src\main\resources
2023-10-26 15:40:29,306 [Worker-90: Building] INFO  o.e.m.c.i.embedder.EclipseLogger - Using 'UTF-8' encoding to copy filtered resources.
2023-10-26 15:40:29,306 [Worker-90: Building] INFO  o.e.m.c.i.embedder.EclipseLogger - skip non existing resourceDirectory D:\CG-16Oct23\JavaWorkspace\JDBCDemo\src\test\resources
2023-10-26 15:40:36,179 [Worker-90: Building] INFO  o.e.m.c.i.embedder.EclipseLogger - Using 'UTF-8' encoding to copy filtered resources.
2023-10-26 15:40:36,179 [Worker-90: Building] INFO  o.e.m.c.i.embedder.EclipseLogger - skip non existing resourceDirectory D:\CG-16Oct23\JavaWorkspace\JDBCDemo\src\main\resources
2023-10-26 15:40:36,180 [Worker-90: Building] INFO  o.e.m.c.i.embedder.EclipseLogger - Using 'UTF-8' encoding to copy filtered resources.
2023-10-26 15:40:36,180 [Worker-90: Building] INFO  o.e.m.c.i.embedder.EclipseLogger - skip non existing resourceDirectory D:\CG-16Oct23\JavaWorkspace\JDBCDemo\src\test\resources
2023-10-26 15:41:02,137 [Worker-72: Building] INFO  o.e.m.c.i.embedder.EclipseLogger - Using 'UTF-8' encoding to copy filtered resources.
2023-10-26 15:41:02,138 [Worker-72: Building] INFO  o.e.m.c.i.embedder.EclipseLogger - skip non existing resourceDirectory D:\CG-16Oct23\JavaWorkspace\JDBCDemo\src\main\resources
2023-10-26 15:41:02,139 [Worker-72: Building] INFO  o.e.m.c.i.embedder.EclipseLogger - Using 'UTF-8' encoding to copy filtered resources.
2023-10-26 15:41:02,139 [Worker-72: Building] INFO  o.e.m.c.i.embedder.EclipseLogger - skip non existing resourceDirectory D:\CG-16Oct23\JavaWorkspace\JDBCDemo\src\test\resources
2023-10-26 15:41:14,844 [Worker-72: Building] INFO  o.e.m.c.i.embedder.EclipseLogger - Using 'UTF-8' encoding to copy filtered resources.
2023-10-26 15:41:14,844 [Worker-72: Building] INFO  o.e.m.c.i.embedder.EclipseLogger - skip non existing resourceDirectory D:\CG-16Oct23\JavaWorkspace\JDBCDemo\src\main\resources
2023-10-26 15:41:14,845 [Worker-72: Building] INFO  o.e.m.c.i.embedder.EclipseLogger - Using 'UTF-8' encoding to copy filtered resources.
2023-10-26 15:41:14,845 [Worker-72: Building] INFO  o.e.m.c.i.embedder.EclipseLogger - skip non existing resourceDirectory D:\CG-16Oct23\JavaWorkspace\JDBCDemo\src\test\resources
2023-10-26 15:41:56,663 [Worker-89: Building] INFO  o.e.m.c.i.embedder.EclipseLogger - Using 'UTF-8' encoding to copy filtered resources.
2023-10-26 15:41:56,663 [Worker-89: Building] INFO  o.e.m.c.i.embedder.EclipseLogger - skip non existing resourceDirectory D:\CG-16Oct23\JavaWorkspace\JDBCDemo\src\main\resources
2023-10-26 15:41:56,665 [Worker-89: Building] INFO  o.e.m.c.i.embedder.EclipseLogger - Using 'UTF-8' encoding to copy filtered resources.
2023-10-26 15:41:56,665 [Worker-89: Building] INFO  o.e.m.c.i.embedder.EclipseLogger - skip non existing resourceDirectory D:\CG-16Oct23\JavaWorkspace\JDBCDemo\src\test\resources
2023-10-26 15:43:08,205 [Worker-88: Building] INFO  o.e.m.c.i.embedder.EclipseLogger - Using 'UTF-8' encoding to copy filtered resources.
2023-10-26 15:43:08,205 [Worker-88: Building] INFO  o.e.m.c.i.embedder.EclipseLogger - skip non existing resourceDirectory D:\CG-16Oct23\JavaWorkspace\JDBCDemo\src\main\resources
2023-10-26 15:43:08,206 [Worker-88: Building] INFO  o.e.m.c.i.embedder.EclipseLogger - Using 'UTF-8' encoding to copy filtered resources.
2023-10-26 15:43:08,206 [Worker-88: Building] INFO  o.e.m.c.i.embedder.EclipseLogger - skip non existing resourceDirectory D:\CG-16Oct23\JavaWorkspace\JDBCDemo\src\test\resources
2023-10-26 15:43:46,361 [Worker-72: Building] INFO  o.e.m.c.i.embedder.EclipseLogger - Using 'UTF-8' encoding to copy filtered resources.
2023-10-26 15:43:46,361 [Worker-72: Building] INFO  o.e.m.c.i.embedder.EclipseLogger - skip non existing resourceDirectory D:\CG-16Oct23\JavaWorkspace\JDBCDemo\src\main\resources
2023-10-26 15:43:46,363 [Worker-72: Building] INFO  o.e.m.c.i.embedder.EclipseLogger - Using 'UTF-8' encoding to copy filtered resources.
2023-10-26 15:43:46,363 [Worker-72: Building] INFO  o.e.m.c.i.embedder.EclipseLogger - skip non existing resourceDirectory D:\CG-16Oct23\JavaWorkspace\JDBCDemo\src\test\resources
2023-10-26 15:43:57,724 [Worker-89: Building] INFO  o.e.m.c.i.embedder.EclipseLogger - Using 'UTF-8' encoding to copy filtered resources.
2023-10-26 15:43:57,724 [Worker-89: Building] INFO  o.e.m.c.i.embedder.EclipseLogger - skip non existing resourceDirectory D:\CG-16Oct23\JavaWorkspace\JDBCDemo\src\main\resources
2023-10-26 15:43:57,726 [Worker-89: Building] INFO  o.e.m.c.i.embedder.EclipseLogger - Using 'UTF-8' encoding to copy filtered resources.
2023-10-26 15:43:57,726 [Worker-89: Building] INFO  o.e.m.c.i.embedder.EclipseLogger - skip non existing resourceDirectory D:\CG-16Oct23\JavaWorkspace\JDBCDemo\src\test\resources
2023-10-26 15:44:02,253 [Worker-72: Building] INFO  o.e.m.c.i.embedder.EclipseLogger - Using 'UTF-8' encoding to copy filtered resources.
2023-10-26 15:44:02,253 [Worker-72: Building] INFO  o.e.m.c.i.embedder.EclipseLogger - skip non existing resourceDirectory D:\CG-16Oct23\JavaWorkspace\JDBCDemo\src\main\resources
2023-10-26 15:44:02,254 [Worker-72: Building] INFO  o.e.m.c.i.embedder.EclipseLogger - Using 'UTF-8' encoding to copy filtered resources.
2023-10-26 15:44:02,255 [Worker-72: Building] INFO  o.e.m.c.i.embedder.EclipseLogger - skip non existing resourceDirectory D:\CG-16Oct23\JavaWorkspace\JDBCDemo\src\test\resources
2023-10-26 15:44:07,177 [Worker-89: Building] INFO  o.e.m.c.i.embedder.EclipseLogger - Using 'UTF-8' encoding to copy filtered resources.
2023-10-26 15:44:07,177 [Worker-89: Building] INFO  o.e.m.c.i.embedder.EclipseLogger - skip non existing resourceDirectory D:\CG-16Oct23\JavaWorkspace\JDBCDemo\src\main\resources
2023-10-26 15:44:07,178 [Worker-89: Building] INFO  o.e.m.c.i.embedder.EclipseLogger - Using 'UTF-8' encoding to copy filtered resources.
2023-10-26 15:44:07,178 [Worker-89: Building] INFO  o.e.m.c.i.embedder.EclipseLogger - skip non existing resourceDirectory D:\CG-16Oct23\JavaWorkspace\JDBCDemo\src\test\resources
2023-10-26 15:44:55,461 [Worker-89: Building] INFO  o.e.m.c.i.embedder.EclipseLogger - Using 'UTF-8' encoding to copy filtered resources.
2023-10-26 15:44:55,461 [Worker-89: Building] INFO  o.e.m.c.i.embedder.EclipseLogger - skip non existing resourceDirectory D:\CG-16Oct23\JavaWorkspace\JDBCDemo\src\main\resources
2023-10-26 15:44:55,463 [Worker-89: Building] INFO  o.e.m.c.i.embedder.EclipseLogger - Using 'UTF-8' encoding to copy filtered resources.
2023-10-26 15:44:55,464 [Worker-89: Building] INFO  o.e.m.c.i.embedder.EclipseLogger - skip non existing resourceDirectory D:\CG-16Oct23\JavaWorkspace\JDBCDemo\src\test\resources
2023-10-26 15:45:11,404 [Worker-89: Building] INFO  o.e.m.c.i.embedder.EclipseLogger - Using 'UTF-8' encoding to copy filtered resources.
2023-10-26 15:45:11,404 [Worker-89: Building] INFO  o.e.m.c.i.embedder.EclipseLogger - skip non existing resourceDirectory D:\CG-16Oct23\JavaWorkspace\JDBCDemo\src\main\resources
2023-10-26 15:45:11,405 [Worker-89: Building] INFO  o.e.m.c.i.embedder.EclipseLogger - Using 'UTF-8' encoding to copy filtered resources.
2023-10-26 15:45:11,405 [Worker-89: Building] INFO  o.e.m.c.i.embedder.EclipseLogger - skip non existing resourceDirectory D:\CG-16Oct23\JavaWorkspace\JDBCDemo\src\test\resources
2023-10-26 15:45:22,950 [Worker-72: Building] INFO  o.e.m.c.i.embedder.EclipseLogger - Using 'UTF-8' encoding to copy filtered resources.
2023-10-26 15:45:22,950 [Worker-72: Building] INFO  o.e.m.c.i.embedder.EclipseLogger - skip non existing resourceDirectory D:\CG-16Oct23\JavaWorkspace\JDBCDemo\src\main\resources
2023-10-26 15:45:22,951 [Worker-72: Building] INFO  o.e.m.c.i.embedder.EclipseLogger - Using 'UTF-8' encoding to copy filtered resources.
2023-10-26 15:45:22,952 [Worker-72: Building] INFO  o.e.m.c.i.embedder.EclipseLogger - skip non existing resourceDirectory D:\CG-16Oct23\JavaWorkspace\JDBCDemo\src\test\resources
2023-10-26 15:45:56,104 [Worker-89: Building] INFO  o.e.m.c.i.embedder.EclipseLogger - Using 'UTF-8' encoding to copy filtered resources.
2023-10-26 15:45:56,104 [Worker-89: Building] INFO  o.e.m.c.i.embedder.EclipseLogger - skip non existing resourceDirectory D:\CG-16Oct23\JavaWorkspace\JDBCDemo\src\main\resources
2023-10-26 15:45:56,107 [Worker-89: Building] INFO  o.e.m.c.i.embedder.EclipseLogger - Using 'UTF-8' encoding to copy filtered resources.
2023-10-26 15:45:56,107 [Worker-89: Building] INFO  o.e.m.c.i.embedder.EclipseLogger - skip non existing resourceDirectory D:\CG-16Oct23\JavaWorkspace\JDBCDemo\src\test\resources
2023-10-26 15:46:02,383 [Worker-87: Building] INFO  o.e.m.c.i.embedder.EclipseLogger - Using 'UTF-8' encoding to copy filtered resources.
2023-10-26 15:46:02,383 [Worker-87: Building] INFO  o.e.m.c.i.embedder.EclipseLogger - skip non existing resourceDirectory D:\CG-16Oct23\JavaWorkspace\JDBCDemo\src\main\resources
2023-10-26 15:46:02,386 [Worker-87: Building] INFO  o.e.m.c.i.embedder.EclipseLogger - Using 'UTF-8' encoding to copy filtered resources.
2023-10-26 15:46:02,386 [Worker-87: Building] INFO  o.e.m.c.i.embedder.EclipseLogger - skip non existing resourceDirectory D:\CG-16Oct23\JavaWorkspace\JDBCDemo\src\test\resources
2023-10-26 15:46:29,474 [Worker-88: Building] INFO  o.e.m.c.i.embedder.EclipseLogger - Using 'UTF-8' encoding to copy filtered resources.
2023-10-26 15:46:29,474 [Worker-88: Building] INFO  o.e.m.c.i.embedder.EclipseLogger - skip non existing resourceDirectory D:\CG-16Oct23\JavaWorkspace\JDBCDemo\src\main\resources
2023-10-26 15:46:29,475 [Worker-88: Building] INFO  o.e.m.c.i.embedder.EclipseLogger - Using 'UTF-8' encoding to copy filtered resources.
2023-10-26 15:46:29,476 [Worker-88: Building] INFO  o.e.m.c.i.embedder.EclipseLogger - skip non existing resourceDirectory D:\CG-16Oct23\JavaWorkspace\JDBCDemo\src\test\resources
2023-10-26 15:46:39,609 [Worker-90: Building] INFO  o.e.m.c.i.embedder.EclipseLogger - Using 'UTF-8' encoding to copy filtered resources.
2023-10-26 15:46:39,609 [Worker-90: Building] INFO  o.e.m.c.i.embedder.EclipseLogger - skip non existing resourceDirectory D:\CG-16Oct23\JavaWorkspace\JDBCDemo\src\main\resources
2023-10-26 15:46:39,610 [Worker-90: Building] INFO  o.e.m.c.i.embedder.EclipseLogger - Using 'UTF-8' encoding to copy filtered resources.
2023-10-26 15:46:39,611 [Worker-90: Building] INFO  o.e.m.c.i.embedder.EclipseLogger - skip non existing resourceDirectory D:\CG-16Oct23\JavaWorkspace\JDBCDemo\src\test\resources
2023-10-26 15:46:47,833 [Worker-72: Building] INFO  o.e.m.c.i.embedder.EclipseLogger - Using 'UTF-8' encoding to copy filtered resources.
2023-10-26 15:46:47,833 [Worker-72: Building] INFO  o.e.m.c.i.embedder.EclipseLogger - skip non existing resourceDirectory D:\CG-16Oct23\JavaWorkspace\JDBCDemo\src\main\resources
2023-10-26 15:46:47,834 [Worker-72: Building] INFO  o.e.m.c.i.embedder.EclipseLogger - Using 'UTF-8' encoding to copy filtered resources.
2023-10-26 15:46:47,835 [Worker-72: Building] INFO  o.e.m.c.i.embedder.EclipseLogger - skip non existing resourceDirectory D:\CG-16Oct23\JavaWorkspace\JDBCDemo\src\test\resources
2023-10-26 15:46:50,387 [Worker-72: Building] INFO  o.e.m.c.i.embedder.EclipseLogger - Using 'UTF-8' encoding to copy filtered resources.
2023-10-26 15:46:50,387 [Worker-72: Building] INFO  o.e.m.c.i.embedder.EclipseLogger - skip non existing resourceDirectory D:\CG-16Oct23\JavaWorkspace\JDBCDemo\src\main\resources
2023-10-26 15:46:50,389 [Worker-72: Building] INFO  o.e.m.c.i.embedder.EclipseLogger - Using 'UTF-8' encoding to copy filtered resources.
2023-10-26 15:46:50,389 [Worker-72: Building] INFO  o.e.m.c.i.embedder.EclipseLogger - skip non existing resourceDirectory D:\CG-16Oct23\JavaWorkspace\JDBCDemo\src\test\resources
2023-10-26 15:46:57,708 [Worker-90: Building] INFO  o.e.m.c.i.embedder.EclipseLogger - Using 'UTF-8' encoding to copy filtered resources.
2023-10-26 15:46:57,708 [Worker-90: Building] INFO  o.e.m.c.i.embedder.EclipseLogger - skip non existing resourceDirectory D:\CG-16Oct23\JavaWorkspace\JDBCDemo\src\main\resources
2023-10-26 15:46:57,709 [Worker-90: Building] INFO  o.e.m.c.i.embedder.EclipseLogger - Using 'UTF-8' encoding to copy filtered resources.
2023-10-26 15:46:57,709 [Worker-90: Building] INFO  o.e.m.c.i.embedder.EclipseLogger - skip non existing resourceDirectory D:\CG-16Oct23\JavaWorkspace\JDBCDemo\src\test\resources
2023-10-26 15:47:03,478 [Worker-72: Building] INFO  o.e.m.c.i.embedder.EclipseLogger - Using 'UTF-8' encoding to copy filtered resources.
2023-10-26 15:47:03,478 [Worker-72: Building] INFO  o.e.m.c.i.embedder.EclipseLogger - skip non existing resourceDirectory D:\CG-16Oct23\JavaWorkspace\JDBCDemo\src\main\resources
2023-10-26 15:47:03,479 [Worker-72: Building] INFO  o.e.m.c.i.embedder.EclipseLogger - Using 'UTF-8' encoding to copy filtered resources.
2023-10-26 15:47:03,479 [Worker-72: Building] INFO  o.e.m.c.i.embedder.EclipseLogger - skip non existing resourceDirectory D:\CG-16Oct23\JavaWorkspace\JDBCDemo\src\test\resources
2023-10-26 15:47:16,646 [Worker-88: Building] INFO  o.e.m.c.i.embedder.EclipseLogger - Using 'UTF-8' encoding to copy filtered resources.
2023-10-26 15:47:16,646 [Worker-88: Building] INFO  o.e.m.c.i.embedder.EclipseLogger - skip non existing resourceDirectory D:\CG-16Oct23\JavaWorkspace\JDBCDemo\src\main\resources
2023-10-26 15:47:16,648 [Worker-88: Building] INFO  o.e.m.c.i.embedder.EclipseLogger - Using 'UTF-8' encoding to copy filtered resources.
2023-10-26 15:47:16,648 [Worker-88: Building] INFO  o.e.m.c.i.embedder.EclipseLogger - skip non existing resourceDirectory D:\CG-16Oct23\JavaWorkspace\JDBCDemo\src\test\resources
2023-10-26 15:47:56,168 [Worker-87: Building] INFO  o.e.m.c.i.embedder.EclipseLogger - Using 'UTF-8' encoding to copy filtered resources.
2023-10-26 15:47:56,168 [Worker-87: Building] INFO  o.e.m.c.i.embedder.EclipseLogger - skip non existing resourceDirectory D:\CG-16Oct23\JavaWorkspace\JDBCDemo\src\main\resources
2023-10-26 15:47:56,169 [Worker-87: Building] INFO  o.e.m.c.i.embedder.EclipseLogger - Using 'UTF-8' encoding to copy filtered resources.
2023-10-26 15:47:56,170 [Worker-87: Building] INFO  o.e.m.c.i.embedder.EclipseLogger - skip non existing resourceDirectory D:\CG-16Oct23\JavaWorkspace\JDBCDemo\src\test\resources
